Determining if files pthread.h exist failed with the following output:
Change Dir: /home/ashish/cpp/IFM-OpenCV/CMakeFiles/CMakeTmp

Run Build Command:/usr/bin/make "cmTryCompileExec791887236/fast"
make: *** No rule to make target `cmTryCompileExec791887236/fast'.  Stop.

Source:
/* */
#include <pthread.h>


int main(){return 0;}

Determining if files pthread.h exist failed with the following output:
Change Dir: /home/ashish/cpp/IFM-OpenCV/CMakeFiles/CMakeTmp

Run Build Command:/usr/bin/make "cmTryCompileExec714308193/fast"
make[1]: Entering directory `/home/ashish/cpp/IFM-OpenCV/CMakeFiles/CMakeTmp'
/usr/bin/make -f CMakeFiles/cmTryCompileExec714308193.dir/build.make CMakeFiles/cmTryCompileExec714308193.dir/build
make[2]: Entering directory `/home/ashish/cpp/IFM-OpenCV/CMakeFiles/CMakeTmp'
/usr/bin/cmake -E cmake_progress_report /home/ashish/cpp/IFM-OpenCV/CMakeFiles/CMakeTmp/CMakeFiles 1
Building C object CMakeFiles/cmTryCompileExec714308193.dir/CheckIncludeFiles.c.o
/usr/bin/cc    -o CMakeFiles/cmTryCompileExec714308193.dir/CheckIncludeFiles.c.o   -c /home/ashish/cpp/IFM-OpenCV/CMakeFiles/CMakeTmp/CheckIncludeFiles.c
cc1: fatal error: /home/ashish/cpp/IFM-OpenCV/CMakeFiles/CMakeTmp/CheckIncludeFiles.c: No such file or directory
compilation terminated.
make[2]: *** [CMakeFiles/cmTryCompileExec714308193.dir/CheckIncludeFiles.c.o] Error 1
make[2]: Leaving directory `/home/ashish/cpp/IFM-OpenCV/CMakeFiles/CMakeTmp'
make[1]: *** [cmTryCompileExec714308193/fast] Error 2
make[1]: Leaving directory `/home/ashish/cpp/IFM-OpenCV/CMakeFiles/CMakeTmp'

Source:
/* */
#include <pthread.h>


int main(){return 0;}

